<?xml version="1.0" encoding="UTF-8"?>
<!-- Generated by org.testng.reporters.JUnitXMLReporter -->
<testsuite ignored="0" hostname="user1" failures="0" tests="4" name="Default test" time="11.111" errors="0" timestamp="2025-04-14T13:53:03 IST">
  <testcase classname="testscripts.ArticlePage" name="validLogiTest" time="3.6"/>
  <testcase classname="testscripts.ArticlePage" name="createNewArticle" time="2.031"/>
  <testcase classname="testscripts.ArticlePage" name="editExistingArticle" time="3.693"/>
  <testcase classname="testscripts.ArticlePage" name="delArticle" time="0.29"/>
</testsuite> <!-- Default test -->
