<?xml version="1.0" encoding="UTF-8"?>
<testng-results ignored="0" total="4" passed="4" failed="0" skipped="0">
  <reporter-output>
  </reporter-output>
  <suite started-at="2025-04-14T13:52:52 IST" name="Default suite" finished-at="2025-04-14T13:53:03 IST" duration-ms="11111">
    <groups>
    </groups>
    <test started-at="2025-04-14T13:52:52 IST" name="Default test" finished-at="2025-04-14T13:53:03 IST" duration-ms="11111">
      <class name="testscripts.ArticlePage">
        <test-method is-config="true" signature="setup()[pri:0, instance:testscripts.ArticlePage@29876704]" started-at="2025-04-14T13:52:52 IST" name="setup" finished-at="2025-04-14T13:52:53 IST" duration-ms="1390" status="PASS">
          <reporter-output>
          </reporter-output>
        </test-method> <!-- setup -->
        <test-method signature="validLogiTest()[pri:0, instance:testscripts.ArticlePage@29876704]" started-at="2025-04-14T13:52:53 IST" name="validLogiTest" finished-at="2025-04-14T13:52:57 IST" duration-ms="3600" status="PASS">
          <reporter-output>
          </reporter-output>
        </test-method> <!-- validLogiTest -->
        <test-method signature="createNewArticle()[pri:1, instance:testscripts.ArticlePage@29876704]" started-at="2025-04-14T13:52:57 IST" name="createNewArticle" finished-at="2025-04-14T13:52:59 IST" duration-ms="2031" status="PASS">
          <reporter-output>
          </reporter-output>
        </test-method> <!-- createNewArticle -->
        <test-method signature="editExistingArticle()[pri:3, instance:testscripts.ArticlePage@29876704]" started-at="2025-04-14T13:52:59 IST" name="editExistingArticle" finished-at="2025-04-14T13:53:03 IST" duration-ms="3693" status="PASS">
          <reporter-output>
          </reporter-output>
        </test-method> <!-- editExistingArticle -->
        <test-method signature="delArticle()[pri:4, instance:testscripts.ArticlePage@29876704]" started-at="2025-04-14T13:53:03 IST" name="delArticle" finished-at="2025-04-14T13:53:03 IST" duration-ms="290" status="PASS">
          <reporter-output>
          </reporter-output>
        </test-method> <!-- delArticle -->
      </class> <!-- testscripts.ArticlePage -->
    </test> <!-- Default test -->
  </suite> <!-- Default suite -->
</testng-results>
