<?xml version="1.0" encoding="UTF-8"?>
<testng-results ignored="0" total="1" passed="1" failed="0" skipped="0">
  <reporter-output>
  </reporter-output>
  <suite started-at="2025-04-09T17:57:20 IST" name="Default suite" finished-at="2025-04-09T17:57:21 IST" duration-ms="1595">
    <groups>
    </groups>
    <test started-at="2025-04-09T17:57:20 IST" name="Default test" finished-at="2025-04-09T17:57:21 IST" duration-ms="1595">
      <class name="testscripts.ArticlePage">
        <test-method is-config="true" signature="setup()[pri:0, instance:testscripts.ArticlePage@21ec5d87]" started-at="2025-04-09T17:57:20 IST" name="setup" finished-at="2025-04-09T17:57:21 IST" duration-ms="986" status="PASS">
          <reporter-output>
          </reporter-output>
        </test-method> <!-- setup -->
        <test-method signature="validLogiTest()[pri:0, instance:testscripts.ArticlePage@21ec5d87]" started-at="2025-04-09T17:57:21 IST" name="validLogiTest" finished-at="2025-04-09T17:57:21 IST" duration-ms="512" status="PASS">
          <reporter-output>
          </reporter-output>
        </test-method> <!-- validLogiTest -->
      </class> <!-- testscripts.ArticlePage -->
    </test> <!-- Default test -->
  </suite> <!-- Default suite -->
</testng-results>
